<?xml version="1.0" encoding="UTF-8"?>
<!-- Generated by org.testng.reporters.JUnitReportReporter -->
<testsuite hostname="HP" failures="0" tests="1" name="com.selenium.assignmentassert.assignment1" time="7.197" errors="0" timestamp="2022-01-25T21:42:11 IST" skipped="0">
  <testcase classname="com.selenium.assignmentassert.assignment1" name="f" time="7.197"/>
  <system-out/>
</testsuite> <!-- com.selenium.assignmentassert.assignment1 -->
